<?xml version="1.0" encoding="UTF-8"?>
<testsuite name="dev.yoon.dummy.DummyApplicationTests" tests="1" skipped="0" failures="0" errors="0" timestamp="2025-08-03T12:26:14.705Z" hostname="yoonui-MacBookPro.local" time="0.36">
  <properties/>
  <testcase name="contextLoads()" classname="dev.yoon.dummy.DummyApplicationTests" time="0.36"/>
  <system-out><![CDATA[21:26:13.979 [Test worker] INFO org.springframework.test.context.support.AnnotationConfigContextLoaderUtils -- Could not detect default configuration classes for test class [dev.yoon.dummy.DummyApplicationTests]: DummyApplicationTests does not declare any static, non-private, non-final, nested classes annotated with @Configuration.
21:26:14.022 [Test worker] INFO org.springframework.boot.test.context.SpringBootTestContextBootstrapper -- Found @SpringBootConfiguration dev.yoon.dummy.DummyApplication for test class dev.yoon.dummy.DummyApplicationTests

  .   ____          _            __ _ _
 /\\ / ___'_ __ _ _(_)_ __  __ _ \ \ \ \
( ( )\___ | '_ | '_| | '_ \/ _` | \ \ \ \
 \\/  ___)| |_)| | | | | || (_| |  ) ) ) )
  '  |____| .__|_| |_|_| |_\__, | / / / /
 =========|_|==============|___/=/_/_/_/

 :: Spring Boot ::                (v3.5.4)

2025-08-03T21:26:14.204+09:00  INFO 47803 --- [dummy] [    Test worker] dev.yoon.dummy.DummyApplicationTests     : Starting DummyApplicationTests using Java 21.0.5 with PID 47803 (started by yoon in /Users/yoon/workspace/dummy)
2025-08-03T21:26:14.205+09:00  INFO 47803 --- [dummy] [    Test worker] dev.yoon.dummy.DummyApplicationTests     : No active profile set, falling back to 1 default profile: "default"
2025-08-03T21:26:14.699+09:00  INFO 47803 --- [dummy] [    Test worker] dev.yoon.dummy.DummyApplicationTests     : Started DummyApplicationTests in 0.605 seconds (process running for 1.163)
]]></system-out>
  <system-err><![CDATA[Mockito is currently self-attaching to enable the inline-mock-maker. This will no longer work in future releases of the JDK. Please add Mockito as an agent to your build as described in Mockito's documentation: https://javadoc.io/doc/org.mockito/mockito-core/latest/org.mockito/org/mockito/Mockito.html#0.3
WARNING: A Java agent has been loaded dynamically (/Users/yoon/.gradle/caches/modules-2/files-2.1/net.bytebuddy/byte-buddy-agent/1.17.6/17b32fd9f57deef02842f7f05abc4ad8127fe34e/byte-buddy-agent-1.17.6.jar)
WARNING: If a serviceability tool is in use, please run with -XX:+EnableDynamicAgentLoading to hide this warning
WARNING: If a serviceability tool is not in use, please run with -Djdk.instrument.traceUsage for more information
WARNING: Dynamic loading of agents will be disallowed by default in a future release
]]></system-err>
</testsuite>
